<?xml version="1.0" encoding="UTF-8"?>
<testsuite name="com.jojoldu.book.springboot.web.dto.HelloResponseDtoTest" tests="1" skipped="0" failures="0" errors="0" timestamp="2022-12-12T12:09:43" hostname="DESKTOP-65LJLVF" time="0.949">
  <properties/>
  <testcase name="lom_test" classname="com.jojoldu.book.springboot.web.dto.HelloResponseDtoTest" time="0.949"/>
  <system-out><![CDATA[]]></system-out>
  <system-err><![CDATA[]]></system-err>
</testsuite>
