<?xml version="1.0" encoding="UTF-8"?>
<testsuite name="com.jojoldu.book.springboot.web.PostsApiControllerTest" tests="2" skipped="0" failures="0" errors="0" timestamp="2022-12-14T09:43:13" hostname="DESKTOP-65LJLVF" time="0.623">
  <properties/>
  <testcase name="Posts_등록된다()" classname="com.jojoldu.book.springboot.web.PostsApiControllerTest" time="0.552"/>
  <testcase name="Posts_수정된다()" classname="com.jojoldu.book.springboot.web.PostsApiControllerTest" time="0.069"/>
  <system-out><![CDATA[2022-12-14 18:43:08.349  INFO 14000 --- [    Test worker] .b.t.c.SpringBootTestContextBootstrapper : Neither @ContextConfiguration nor @ContextHierarchy found for test class [com.jojoldu.book.springboot.web.PostsApiControllerTest], using SpringBootContextLoader
2022-12-14 18:43:08.354  INFO 14000 --- [    Test worker] o.s.t.c.support.AbstractContextLoader    : Could not detect default resource locations for test class [com.jojoldu.book.springboot.web.PostsApiControllerTest]: no resource found for suffixes {-context.xml, Context.groovy}.
2022-12-14 18:43:08.355  INFO 14000 --- [    Test worker] t.c.s.AnnotationConfigContextLoaderUtils : Could not detect default configuration classes for test class [com.jojoldu.book.springboot.web.PostsApiControllerTest]: PostsApiControllerTest does not declare any static, non-private, non-final, nested classes annotated with @Configuration.
2022-12-14 18:43:08.397  INFO 14000 --- [    Test worker] .b.t.c.SpringBootTestContextBootstrapper : Found @SpringBootConfiguration com.jojoldu.book.springboot.Application for test class com.jojoldu.book.springboot.web.PostsApiControllerTest
2022-12-14 18:43:08.404  INFO 14000 --- [    Test worker] .b.t.c.SpringBootTestContextBootstrapper : Loaded default TestExecutionListener class names from location [META-INF/spring.factories]: [org.springframework.security.test.context.support.WithSecurityContextTestExecutionListener, org.springframework.security.test.context.support.ReactorContextTestExecutionListener, org.springframework.boot.test.autoconfigure.restdocs.RestDocsTestExecutionListener, org.springframework.boot.test.autoconfigure.web.client.MockRestServiceServerResetTestExecutionListener, org.springframework.boot.test.autoconfigure.web.servlet.MockMvcPrintOnlyOnFailureTestExecutionListener, org.springframework.boot.test.autoconfigure.web.servlet.WebDriverTestExecutionListener, org.springframework.boot.test.autoconfigure.webservices.client.MockWebServiceServerTestExecutionListener, org.springframework.boot.test.mock.mockito.MockitoTestExecutionListener, org.springframework.boot.test.mock.mockito.ResetMocksTestExecutionListener, org.springframework.test.context.web.ServletTestExecutionListener, org.springframework.test.context.support.DirtiesContextBeforeModesTestExecutionListener, org.springframework.test.context.support.DependencyInjectionTestExecutionListener, org.springframework.test.context.support.DirtiesContextTestExecutionListener, org.springframework.test.context.transaction.TransactionalTestExecutionListener, org.springframework.test.context.jdbc.SqlScriptsTestExecutionListener, org.springframework.test.context.event.EventPublishingTestExecutionListener]
2022-12-14 18:43:08.407  INFO 14000 --- [    Test worker] .b.t.c.SpringBootTestContextBootstrapper : Using TestExecutionListeners: [org.springframework.test.context.web.ServletTestExecutionListener@31b27c36, org.springframework.test.context.support.DirtiesContextBeforeModesTestExecutionListener@5274ba35, org.springframework.boot.test.mock.mockito.MockitoTestExecutionListener@61930094, org.springframework.boot.test.autoconfigure.SpringBootDependencyInjectionTestExecutionListener@2dc8973, org.springframework.test.context.support.DirtiesContextTestExecutionListener@202d06d2, org.springframework.test.context.transaction.TransactionalTestExecutionListener@57ffb5f0, org.springframework.test.context.jdbc.SqlScriptsTestExecutionListener@2e11883b, org.springframework.security.test.context.support.WithSecurityContextTestExecutionListener@48e00b9b, org.springframework.test.context.event.EventPublishingTestExecutionListener@b38fc3, org.springframework.security.test.context.support.ReactorContextTestExecutionListener@2a49ea10, org.springframework.boot.test.autoconfigure.restdocs.RestDocsTestExecutionListener@8bbff32, org.springframework.boot.test.autoconfigure.web.client.MockRestServiceServerResetTestExecutionListener@404f916d, org.springframework.boot.test.autoconfigure.web.servlet.MockMvcPrintOnlyOnFailureTestExecutionListener@5c1ec330, org.springframework.boot.test.autoconfigure.web.servlet.WebDriverTestExecutionListener@39e2abc9, org.springframework.boot.test.autoconfigure.webservices.client.MockWebServiceServerTestExecutionListener@6e7781a8, org.springframework.boot.test.mock.mockito.ResetMocksTestExecutionListener@528fa1f2]

  .   ____          _            __ _ _
 /\\ / ___'_ __ _ _(_)_ __  __ _ \ \ \ \
( ( )\___ | '_ | '_| | '_ \/ _` | \ \ \ \
 \\/  ___)| |_)| | | | | || (_| |  ) ) ) )
  '  |____| .__|_| |_|_| |_\__, | / / / /
 =========|_|==============|___/=/_/_/_/
 :: Spring Boot ::                (v2.4.1)

2022-12-14 18:43:08.530  INFO 14000 --- [    Test worker] c.j.b.s.web.PostsApiControllerTest       : Starting PostsApiControllerTest using Java 11.0.16 on DESKTOP-65LJLVF with PID 14000 (started by dyd21 in C:\study\Bh3)
2022-12-14 18:43:08.533  INFO 14000 --- [    Test worker] c.j.b.s.web.PostsApiControllerTest       : No active profile set, falling back to default profiles: default
2022-12-14 18:43:09.209  INFO 14000 --- [    Test worker] .s.d.r.c.RepositoryConfigurationDelegate : Bootstrapping Spring Data JPA repositories in DEFAULT mode.
2022-12-14 18:43:09.269  INFO 14000 --- [    Test worker] .s.d.r.c.RepositoryConfigurationDelegate : Finished Spring Data repository scanning in 58 ms. Found 2 JPA repository interfaces.
2022-12-14 18:43:10.159  INFO 14000 --- [    Test worker] o.s.b.w.embedded.tomcat.TomcatWebServer  : Tomcat initialized with port(s): 0 (http)
2022-12-14 18:43:10.194  INFO 14000 --- [    Test worker] o.apache.catalina.core.StandardService   : Starting service [Tomcat]
2022-12-14 18:43:10.195  INFO 14000 --- [    Test worker] org.apache.catalina.core.StandardEngine  : Starting Servlet engine: [Apache Tomcat/9.0.41]
2022-12-14 18:43:10.562  INFO 14000 --- [    Test worker] o.a.c.c.C.[Tomcat].[localhost].[/]       : Initializing Spring embedded WebApplicationContext
2022-12-14 18:43:10.563  INFO 14000 --- [    Test worker] w.s.c.ServletWebServerApplicationContext : Root WebApplicationContext: initialization completed in 2020 ms
2022-12-14 18:43:10.932  INFO 14000 --- [    Test worker] com.zaxxer.hikari.HikariDataSource       : HikariPool-2 - Starting...
2022-12-14 18:43:10.934  INFO 14000 --- [    Test worker] com.zaxxer.hikari.HikariDataSource       : HikariPool-2 - Start completed.
2022-12-14 18:43:11.009  INFO 14000 --- [    Test worker] o.hibernate.jpa.internal.util.LogHelper  : HHH000204: Processing PersistenceUnitInfo [name: default]
2022-12-14 18:43:11.048  INFO 14000 --- [    Test worker] org.hibernate.dialect.Dialect            : HHH000400: Using dialect: org.hibernate.dialect.MySQL57Dialect
2022-12-14 18:43:11.251  INFO 14000 --- [    Test worker] o.h.e.t.j.p.i.JtaPlatformInitiator       : HHH000490: Using JtaPlatform implementation: [org.hibernate.engine.transaction.jta.platform.internal.NoJtaPlatform]
2022-12-14 18:43:11.254  INFO 14000 --- [    Test worker] j.LocalContainerEntityManagerFactoryBean : Initialized JPA EntityManagerFactory for persistence unit 'default'
2022-12-14 18:43:11.988  WARN 14000 --- [    Test worker] JpaBaseConfiguration$JpaWebConfiguration : spring.jpa.open-in-view is enabled by default. Therefore, database queries may be performed during view rendering. Explicitly configure spring.jpa.open-in-view to disable this warning
2022-12-14 18:43:12.534  INFO 14000 --- [    Test worker] o.s.s.web.DefaultSecurityFilterChain     : Will secure any request with [org.springframework.security.web.context.request.async.WebAsyncManagerIntegrationFilter@7597a944, org.springframework.security.web.context.SecurityContextPersistenceFilter@2dc3f4ba, org.springframework.security.web.header.HeaderWriterFilter@2bfcc98f, org.springframework.security.web.authentication.logout.LogoutFilter@126be81e, org.springframework.security.oauth2.client.web.OAuth2AuthorizationRequestRedirectFilter@7f8e4e0e, org.springframework.security.oauth2.client.web.OAuth2LoginAuthenticationFilter@59e106de, org.springframework.security.web.authentication.ui.DefaultLoginPageGeneratingFilter@75228b61, org.springframework.security.web.authentication.ui.DefaultLogoutPageGeneratingFilter@352bd72a, org.springframework.security.web.savedrequest.RequestCacheAwareFilter@67b65fc4, org.springframework.security.web.servletapi.SecurityContextHolderAwareRequestFilter@2a4b520c, org.springframework.security.web.authentication.AnonymousAuthenticationFilter@38d811bf, org.springframework.security.web.session.SessionManagementFilter@5be09ace, org.springframework.security.web.access.ExceptionTranslationFilter@437139c7, org.springframework.security.web.access.intercept.FilterSecurityInterceptor@309e0c50]
2022-12-14 18:43:12.888  INFO 14000 --- [    Test worker] o.s.s.concurrent.ThreadPoolTaskExecutor  : Initializing ExecutorService 'applicationTaskExecutor'
2022-12-14 18:43:12.990  INFO 14000 --- [    Test worker] o.s.b.a.w.s.WelcomePageHandlerMapping    : Adding welcome page template: index
2022-12-14 18:43:13.595  INFO 14000 --- [    Test worker] o.s.b.w.embedded.tomcat.TomcatWebServer  : Tomcat started on port(s): 50299 (http) with context path ''
2022-12-14 18:43:13.606  INFO 14000 --- [    Test worker] s.a.ScheduledAnnotationBeanPostProcessor : No TaskScheduler/ScheduledExecutorService bean found for scheduled processing
2022-12-14 18:43:13.608  INFO 14000 --- [    Test worker] c.j.b.s.web.PostsApiControllerTest       : Started PostsApiControllerTest in 5.192 seconds (JVM running for 24.096)
2022-12-14 18:43:13.708  INFO 14000 --- [    Test worker] o.a.c.c.C.[Tomcat].[localhost].[/]       : Initializing Spring TestDispatcherServlet ''
2022-12-14 18:43:13.709  INFO 14000 --- [    Test worker] o.s.t.web.servlet.TestDispatcherServlet  : Initializing Servlet ''
2022-12-14 18:43:13.712  INFO 14000 --- [    Test worker] o.s.t.web.servlet.TestDispatcherServlet  : Completed initialization in 2 ms
2022-12-14 18:43:14.184  INFO 14000 --- [    Test worker] o.a.c.c.C.[Tomcat].[localhost].[/]       : Initializing Spring TestDispatcherServlet ''
2022-12-14 18:43:14.184  INFO 14000 --- [    Test worker] o.s.t.web.servlet.TestDispatcherServlet  : Initializing Servlet ''
2022-12-14 18:43:14.188  INFO 14000 --- [    Test worker] o.s.t.web.servlet.TestDispatcherServlet  : Completed initialization in 4 ms
]]></system-out>
  <system-err><![CDATA[]]></system-err>
</testsuite>
